::1 - - [25/Jan/2019:04:15:29 +0000] "GET /bookmarks/dlsf HTTP/1.1" 304 - "-" "Mozilla/5.0 (X11; Linux x86_64) AppleWebKit/537.36 (KHTML, like Gecko) Chrome/70.0.3538.77 Safari/537.36"
::1 - - [25/Jan/2019:06:59:09 +0000] "GET /bookmarks/dlsf HTTP/1.1" 404 23 "-" "Mozilla/5.0 (X11; Linux x86_64) AppleWebKit/537.36 (KHTML, like Gecko) Chrome/70.0.3538.77 Safari/537.36"
::1 - - [25/Jan/2019:09:58:10 +0000] "GET / HTTP/1.1" 304 - "-" "Mozilla/5.0 (X11; Linux x86_64) AppleWebKit/537.36 (KHTML, like Gecko) Chrome/70.0.3538.77 Safari/537.36"
::1 - - [25/Jan/2019:09:58:51 +0000] "GET /bookmarks HTTP/1.1" 200 1111 "-" "Mozilla/5.0 (X11; Linux x86_64) AppleWebKit/537.36 (KHTML, like Gecko) Chrome/70.0.3538.77 Safari/537.36"
::1 - - [25/Jan/2019:09:58:56 +0000] "GET /bookmarks/tags HTTP/1.1" 500 2173 "-" "Mozilla/5.0 (X11; Linux x86_64) AppleWebKit/537.36 (KHTML, like Gecko) Chrome/70.0.3538.77 Safari/537.36"
::1 - - [25/Jan/2019:09:59:21 +0000] "GET /bookmarks/tags?names=javascipt HTTP/1.1" 304 - "-" "Mozilla/5.0 (X11; Linux x86_64) AppleWebKit/537.36 (KHTML, like Gecko) Chrome/70.0.3538.77 Safari/537.36"
::1 - - [25/Jan/2019:09:59:29 +0000] "GET /bookmarks/tags?names=javascipt,npm HTTP/1.1" 200 1111 "-" "Mozilla/5.0 (X11; Linux x86_64) AppleWebKit/537.36 (KHTML, like Gecko) Chrome/70.0.3538.77 Safari/537.36"
::1 - - [25/Jan/2019:10:00:34 +0000] "GET /bookmarks/tags HTTP/1.1" 500 2173 "-" "Mozilla/5.0 (X11; Linux x86_64) AppleWebKit/537.36 (KHTML, like Gecko) Chrome/70.0.3538.77 Safari/537.36"
::1 - - [25/Jan/2019:10:01:39 +0000] "GET /bookmarks/tags HTTP/1.1" 500 2173 "-" "Mozilla/5.0 (X11; Linux x86_64) AppleWebKit/537.36 (KHTML, like Gecko) Chrome/70.0.3538.77 Safari/537.36"
::1 - - [25/Jan/2019:10:01:41 +0000] "GET /bookmarks/tags HTTP/1.1" 500 2173 "-" "Mozilla/5.0 (X11; Linux x86_64) AppleWebKit/537.36 (KHTML, like Gecko) Chrome/70.0.3538.77 Safari/537.36"
::1 - - [25/Jan/2019:12:06:51 +0000] "GET /users/register HTTP/1.1" 404 23 "-" "PostmanRuntime/7.4.0"
::1 - - [25/Jan/2019:12:08:39 +0000] "POST /users/register HTTP/1.1" 404 154 "-" "PostmanRuntime/7.4.0"
::1 - - [25/Jan/2019:12:08:43 +0000] "POST /users/register HTTP/1.1" 404 154 "-" "PostmanRuntime/7.4.0"
::1 - - [25/Jan/2019:13:07:34 +0000] "POST /users/register HTTP/1.1" 404 154 "-" "PostmanRuntime/7.4.0"
::1 - - [25/Jan/2019:13:10:10 +0000] "POST /users/register HTTP/1.1" 404 154 "-" "PostmanRuntime/7.4.0"
::1 - - [25/Jan/2019:13:10:41 +0000] "POST /users/register HTTP/1.1" 404 154 "-" "PostmanRuntime/7.4.0"
::1 - - [25/Jan/2019:13:10:54 +0000] "POST /users/register HTTP/1.1" 404 154 "-" "PostmanRuntime/7.4.0"
::1 - - [25/Jan/2019:13:12:19 +0000] "POST /users/register HTTP/1.1" 404 154 "-" "PostmanRuntime/7.4.0"
::1 - - [25/Jan/2019:13:12:40 +0000] "POST /users/register HTTP/1.1" 404 154 "-" "PostmanRuntime/7.4.0"
::1 - - [25/Jan/2019:13:16:02 +0000] "POST / HTTP/1.1" 404 140 "-" "PostmanRuntime/7.4.0"
::1 - - [25/Jan/2019:13:16:09 +0000] "GET / HTTP/1.1" 200 23 "-" "PostmanRuntime/7.4.0"
::1 - - [25/Jan/2019:13:16:28 +0000] "POST /contacts HTTP/1.1" 404 148 "-" "PostmanRuntime/7.4.0"
::1 - - [25/Jan/2019:13:16:36 +0000] "GET /contacts HTTP/1.1" 200 2 "-" "PostmanRuntime/7.4.0"
::1 - - [25/Jan/2019:13:16:53 +0000] "POST /users/register HTTP/1.1" 404 154 "-" "PostmanRuntime/7.4.0"
